[2025-12-03 15:48:33,263] INFO - HTTP Request: GET https://dagshub.com/api/v1/user "HTTP/1.1 200 OK"
[2025-12-03 15:48:33,263] INFO - Accessing as asifongit
[2025-12-03 15:48:34,045] INFO - HTTP Request: GET https://dagshub.com/api/v1/repos/asifongit/Complete-MLOPs-Project-NetworkSecurity "HTTP/1.1 200 OK"
[2025-12-03 15:48:34,809] INFO - HTTP Request: GET https://dagshub.com/api/v1/user "HTTP/1.1 200 OK"
[2025-12-03 15:48:34,811] INFO - Initialized MLflow to track repo "asifongit/Complete-MLOPs-Project-NetworkSecurity"
[2025-12-03 15:48:34,812] INFO - Repository asifongit/Complete-MLOPs-Project-NetworkSecurity initialized!
[2025-12-03 15:48:48,999] INFO - Starting data ingestion
[2025-12-03 15:48:53,297] INFO - Data ingestion completed
[2025-12-03 15:48:53,297] INFO - Starting data validation
[2025-12-03 15:48:53,364] INFO - Required number of columns: 31
[2025-12-03 15:48:53,364] INFO - Data frame has columns: 31
[2025-12-03 15:48:53,364] INFO - Required number of columns: 31
[2025-12-03 15:48:53,364] INFO - Data frame has columns: 31
[2025-12-03 15:48:53,607] INFO - Data validation completed
[2025-12-03 15:48:53,607] INFO - Starting data transformation
[2025-12-03 15:48:53,607] INFO - Data Transformation initiated
[2025-12-03 15:48:53,607] INFO - Starting data transformation
[2025-12-03 15:48:53,654] INFO - Entered get_data_transformer_object method of Data_Transformation class
[2025-12-03 15:48:53,654] INFO - Initialized KNN Imputer with params: {'missing_values': nan, 'n_neighbors': 3, 'weights': 'uniform'}
[2025-12-03 15:48:53,673] INFO - Data transformation completed
[2025-12-03 15:48:53,673] INFO - Starting model trainer component
